{"uuid":"32d6d1bb-eee8-4939-a3eb-888813813524","name":"runners.TestRunner","children":["1cb3deb9-2aca-47ef-a237-19ed2ebd3cb0"],"befores":[{"name":"setUpClass","status":"broken","statusDetails":{"known":false,"muted":false,"flaky":false,"message":"The plugin specification 'com.cucumber.listener.ExtentCucumberFormatter' has a problem:\n\nCould not load plugin class 'com.cucumber.listener.ExtentCucumberFormatter'.\n\nPlugin specifications should have the format of PLUGIN[:[PATH|[URI [OPTIONS]]]\n\nValid values for PLUGIN are: html, json, junit, message, pretty, progress, rerun, summary, teamcity, testng, timeline, unused, usage\n\nPLUGIN can also be a fully qualified class name, allowing registration of 3rd party plugins. The 3rd party plugin must implement io.cucumber.plugin.Plugin","trace":"java.lang.IllegalArgumentException: The plugin specification 'com.cucumber.listener.ExtentCucumberFormatter' has a problem:\n\nCould not load plugin class 'com.cucumber.listener.ExtentCucumberFormatter'.\n\nPlugin specifications should have the format of PLUGIN[:[PATH|[URI [OPTIONS]]]\n\nValid values for PLUGIN are: html, json, junit, message, pretty, progress, rerun, summary, teamcity, testng, timeline, unused, usage\n\nPLUGIN can also be a fully qualified class name, allowing registration of 3rd party plugins. The 3rd party plugin must implement io.cucumber.plugin.Plugin\r\n\tat io.cucumber.core.options.PluginOption.createCouldNotLoadClass(PluginOption.java:167)\r\n\tat io.cucumber.core.options.PluginOption.parsePluginName(PluginOption.java:145)\r\n\tat io.cucumber.core.options.PluginOption.parse(PluginOption.java:100)\r\n\tat io.cucumber.core.options.RuntimeOptionsBuilder.addPluginName(RuntimeOptionsBuilder.java:68)\r\n\tat io.cucumber.core.options.CucumberOptionsAnnotationParser.addPlugins(CucumberOptionsAnnotationParser.java:85)\r\n\tat io.cucumber.core.options.CucumberOptionsAnnotationParser.parse(CucumberOptionsAnnotationParser.java:39)\r\n\tat io.cucumber.testng.TestNGCucumberRunner.<init>(TestNGCucumberRunner.java:85)\r\n\tat io.cucumber.testng.AbstractTestNGCucumberTests.setUpClass(AbstractTestNGCucumberTests.java:27)\r\n\tat java.base/jdk.internal.reflect.DirectMethodHandleAccessor.invoke(DirectMethodHandleAccessor.java:103)\r\n\tat java.base/java.lang.reflect.Method.invoke(Method.java:580)\r\n\tat org.testng.internal.invokers.MethodInvocationHelper.invokeMethod(MethodInvocationHelper.java:139)\r\n\tat org.testng.internal.invokers.MethodInvocationHelper.invokeMethodConsideringTimeout(MethodInvocationHelper.java:69)\r\n\tat org.testng.internal.invokers.ConfigInvoker.invokeConfigurationMethod(ConfigInvoker.java:393)\r\n\tat org.testng.internal.invokers.ConfigInvoker.invokeConfigurations(ConfigInvoker.java:326)\r\n\tat org.testng.internal.invokers.TestMethodWorker.invokeBeforeClassMethods(TestMethodWorker.java:180)\r\n\tat org.testng.internal.invokers.TestMethodWorker.run(TestMethodWorker.java:122)\r\n\tat java.base/java.util.ArrayList.forEach(ArrayList.java:1597)\r\n\tat org.testng.TestRunner.privateRun(TestRunner.java:819)\r\n\tat org.testng.TestRunner.run(TestRunner.java:619)\r\n\tat org.testng.SuiteRunner.runTest(SuiteRunner.java:443)\r\n\tat org.testng.SuiteRunner$SuiteWorker.run(SuiteRunner.java:481)\r\n\tat org.testng.internal.thread.ThreadUtil.lambda$execute$0(ThreadUtil.java:58)\r\n\tat java.base/java.util.concurrent.FutureTask.run$$$capture(FutureTask.java:317)\r\n\tat java.base/java.util.concurrent.FutureTask.run(FutureTask.java)\r\n\tat --- Async.Stack.Trace --- (captured by IntelliJ IDEA debugger)\r\n\tat java.base/java.util.concurrent.FutureTask.<init>(FutureTask.java:132)\r\n\tat java.base/java.util.concurrent.AbstractExecutorService.newTaskFor(AbstractExecutorService.java:113)\r\n\tat java.base/java.util.concurrent.AbstractExecutorService.invokeAll(AbstractExecutorService.java:274)\r\n\tat org.testng.internal.thread.ThreadUtil.execute(ThreadUtil.java:64)\r\n\tat org.testng.SuiteRunner.runInParallelTestMode(SuiteRunner.java:464)\r\n\tat org.testng.SuiteRunner.privateRun(SuiteRunner.java:395)\r\n\tat org.testng.SuiteRunner.run(SuiteRunner.java:336)\r\n\tat org.testng.SuiteRunnerWorker.runSuite(SuiteRunnerWorker.java:52)\r\n\tat org.testng.SuiteRunnerWorker.run(SuiteRunnerWorker.java:95)\r\n\tat org.testng.TestNG.runSuitesSequentially(TestNG.java:1301)\r\n\tat org.testng.TestNG.runSuitesLocally(TestNG.java:1228)\r\n\tat org.testng.TestNG.runSuites(TestNG.java:1134)\r\n\tat org.testng.TestNG.run(TestNG.java:1101)\r\n\tat com.intellij.rt.testng.IDEARemoteTestNG.run(IDEARemoteTestNG.java:65)\r\n\tat com.intellij.rt.testng.RemoteTestNGStarter.main(RemoteTestNGStarter.java:105)\r\nCaused by: java.lang.NoClassDefFoundError: gherkin/formatter/Reporter\r\n\tat java.base/java.lang.ClassLoader.defineClass1(Native Method)\r\n\tat java.base/java.lang.ClassLoader.defineClass(ClassLoader.java:1023)\r\n\tat java.base/java.security.SecureClassLoader.defineClass(SecureClassLoader.java:150)\r\n\tat java.base/jdk.internal.loader.BuiltinClassLoader.defineClass(BuiltinClassLoader.java:862)\r\n\tat java.base/jdk.internal.loader.BuiltinClassLoader.findClassOnClassPathOrNull(BuiltinClassLoader.java:760)\r\n\tat java.base/jdk.internal.loader.BuiltinClassLoader.loadClassOrNull(BuiltinClassLoader.java:681)\r\n\tat java.base/jdk.internal.loader.BuiltinClassLoader.loadClass(BuiltinClassLoader.java:639)\r\n\tat java.base/jdk.internal.loader.ClassLoaders$AppClassLoader.loadClass(ClassLoaders.java:188)\r\n\tat java.base/java.lang.ClassLoader.loadClass(ClassLoader.java:525)\r\n\tat io.cucumber.core.options.PluginOption.parsePluginName(PluginOption.java:139)\r\n\t... 38 more\r\nCaused by: java.lang.ClassNotFoundException: gherkin.formatter.Reporter\r\n\tat java.base/jdk.internal.loader.BuiltinClassLoader.loadClass(BuiltinClassLoader.java:641)\r\n\tat java.base/jdk.internal.loader.ClassLoaders$AppClassLoader.loadClass(ClassLoaders.java:188)\r\n\tat java.base/java.lang.ClassLoader.loadClass(ClassLoader.java:525)\r\n\t... 48 more\r\n"},"stage":"finished","description":"","steps":[],"attachments":[],"parameters":[],"start":1748594825748,"stop":1748594825850}],"afters":[{"name":"writeExtentReport","status":"broken","stage":"finished","description":"","steps":[],"attachments":[],"parameters":[],"start":1748594826053,"stop":1748594826053},{"name":"tearDownClass","status":"passed","stage":"finished","description":"","steps":[],"attachments":[],"parameters":[],"start":1748594826053,"stop":1748594826053}],"start":1748594825714,"stop":1748594826069}